\BOOKMARK [0][-]{chapter*.1}{\376\377\000L\036\335\000i\000\040\000c\000a\000m\000\040\001\021\000o\000a\000n}{}% 1
\BOOKMARK [0][-]{chapter*.2}{\376\377\000L\036\335\000i\000\040\000c\036\243\000m\000\040\001\241\000n}{}% 2
\BOOKMARK [0][-]{chapter*.2}{\376\377\000M\036\345\000c\000\040\000l\036\345\000c}{}% 3
\BOOKMARK [0][-]{chapter*.4}{\376\377\000D\000a\000n\000h\000\040\000m\036\345\000c\000\040\000c\000\341\000c\000\040\000k\000\355\000\040\000h\000i\036\307\000u}{}% 4
\BOOKMARK [0][-]{chapter*.5}{\376\377\000L\036\335\000i\000\040\000n\000\363\000i\000\040\001\021\036\247\000u}{}% 5
\BOOKMARK [0][-]{chapter.1}{\376\377\000M\036\331\000t\000\040\000s\036\321\000\040\000k\000i\036\277\000n\000\040\000t\000h\036\351\000c\000\040\000c\001\241\000\040\000b\036\243\000n\000\040\000v\036\301\000\040\000b\000\340\000i\000\040\000t\000o\000\341\000n\000\040\000q\000u\000y\000\040\000h\000o\036\241\000c\000h\000\040\000t\000u\000y\036\277\000n\000\040\000t\000\355\000n\000h}{}% 6
\BOOKMARK [1][-]{section.1.1}{\376\377\000\040\000V\000\351\000c\000\040\000t\001\241\000,\000\040\000m\000a\000\040\000t\000r\036\255\000n\000\040\000v\000\340\000\040\000c\000\341\000c\000\040\000t\000\355\000n\000h\000\040\000c\000h\036\245\000t}{chapter.1}% 7
\BOOKMARK [2][-]{subsection.1.1.1}{\376\377\000\040\000V\000\351\000c\000\040\000t\001\241\000\040\000v\000\340\000\040\000c\000\341\000c\000\040\000p\000h\000\351\000p\000\040\000t\000o\000\341\000n\000\040}{section.1.1}% 8
\BOOKMARK [2][-]{subsection.1.1.2}{\376\377\000\040\000M\000a\000\040\000t\000r\036\255\000n\000\040\000v\000\340\000\040\000c\000\341\000c\000\040\000p\000h\000\351\000p\000\040\000t\000o\000\341\000n}{section.1.1}% 9
\BOOKMARK [2][-]{subsection.1.1.3}{\376\377\000C\000\341\000c\000\040\000p\000h\000\351\000p\000\040\000b\000i\036\277\000n\000\040\001\021\036\325\000i\000\040\000t\000r\000\352\000n\000\040\000m\000a\000\040\000t\000r\036\255\000n}{section.1.1}% 10
\BOOKMARK [2][-]{subsection.1.1.4}{\376\377\000\040\001\020\036\313\000n\000h\000\040\000t\000h\036\351\000c\000\040\000c\036\347\000a\000\040\000m\000a\000\040\000t\000r\036\255\000n\000\040\000v\000\340\000\040\000m\000a\000\040\000t\000r\036\255\000n\000\040\001\021\036\243\000o}{section.1.1}% 11
\BOOKMARK [1][-]{section.1.2}{\376\377\000M\036\331\000t\000\040\000s\036\321\000\040\000k\000i\036\277\000n\000\040\000t\000h\036\351\000c\000\040\000c\001\241\000\040\000b\036\243\000n\000\040\000v\036\301\000\040\000B\000\340\000i\000\040\000t\000o\000\341\000n\000\040\000t\036\321\000i\000\040\001\260\000u\000\040\000t\000u\000y\036\277\000n\000\040\000t\000\355\000n\000h}{chapter.1}% 12
\BOOKMARK [2][-]{subsection.1.2.1}{\376\377\000B\000\340\000i\000\040\000t\000o\000\341\000n\000\040\000d\036\241\000n\000g\000\040\000c\000h\000\355\000n\000h\000\040\000t\036\257\000c\000\040\000v\000\340\000\040\000c\000h\000u\036\251\000n\000\040\000t\036\257\000c}{section.1.2}% 13
\BOOKMARK [2][-]{subsection.1.2.2}{\376\377\000C\000h\000u\000y\036\303\000n\000\040\000b\000\340\000i\000\040\000t\000o\000\341\000n\000\040\000v\036\301\000\040\000d\036\241\000n\000g\000\040\000c\000h\000\355\000n\000h\000\040\000t\036\257\000c}{section.1.2}% 14
\BOOKMARK [1][-]{section.1.3}{\376\377\000P\000h\001\260\001\241\000n\000g\000\040\000p\000h\000\341\000p\000\040\000g\000i\036\243\000i\000\040\000b\000\340\000i\000\040\000t\000o\000\341\000n\000\040\000t\036\321\000i\000\040\001\260\000u\000\040\000t\000u\000y\036\277\000n\000\040\000t\000\355\000n\000h}{chapter.1}% 15
\BOOKMARK [2][-]{subsection.1.3.1}{\376\377\000P\000h\001\260\001\241\000n\000g\000\040\000p\000h\000\341\000p\000\040\000h\000\354\000n\000h\000\040\000h\036\315\000c}{section.1.3}% 16
\BOOKMARK [2][-]{subsection.1.3.2}{\376\377\000P\000h\001\260\001\241\000n\000g\000\040\000p\000h\000\341\000p\000\040\001\021\001\241\000n\000\040\000h\000\354\000n\000h}{section.1.3}% 17
\BOOKMARK [0][-]{chapter.2}{\376\377\000B\000\340\000i\000\040\000t\000o\000\341\000n\000\040\000q\000u\000y\000\040\000h\000o\036\241\000c\000h\000\040\000t\000u\000y\036\277\000n\000\040\000t\000\355\000n\000h\000\040\000c\000\363\000\040\000n\000g\000h\000i\036\307\000m\000\040\000n\000g\000u\000y\000\352\000n}{}% 18
\BOOKMARK [1][-]{section.2.1}{\376\377\000S\036\361\000\040\000c\036\247\000n\000\040\000t\000h\000i\036\277\000t\000\040\000p\000h\036\243\000i\000\040\000n\000g\000h\000i\000\352\000n\000\040\000c\036\351\000u\000\040\000v\036\301\000\040\000b\000\340\000i\000\040\000t\000o\000\341\000n\000\040\000q\000u\000y\000\040\000h\000o\000a\000c\000h\000\040\000c\000\363\000\040\000n\000g\000h\000i\036\307\000m\000\040\000n\000g\000u\000y\000\352\000n}{chapter.2}% 19
\BOOKMARK [1][-]{section.2.2}{\376\377\000L\000\375\000\040\000t\000h\000u\000y\036\277\000t\000\040\000v\036\301\000\040\000c\000\341\000c\000h\000\040\000t\000\354\000m\000\040\000n\000g\000h\000i\036\307\000m\000\040\000n\000g\000u\000y\000\352\000n\000\040\000c\036\347\000a\000\040\000b\000\340\000i\000\040\000t\000o\000\341\000n\000\040\000Q\000u\000y\000\040\000h\000o\036\241\000c\000h\000\040\000t\000u\000y\036\277\000n\000\040\000t\000\355\000n\000h}{chapter.2}% 20
\BOOKMARK [2][-]{subsection.2.2.1}{\376\377\000S\036\361\000\040\000c\036\247\000n\000\040\000t\000h\000i\036\277\000t\000\040\000p\000h\036\243\000i\000\040\000c\000\363\000\040\000m\036\331\000t\000\040\000l\000\375\000\040\000t\000h\000u\000y\036\277\000t\000\040\000r\000i\000\352\000n\000g}{section.2.2}% 21
\BOOKMARK [2][-]{subsection.2.2.2}{\376\377\000P\000h\001\260\001\241\000n\000g\000\040\000p\000h\000\341\000p\000\040\000G\000o\000m\000o\000r\000y}{section.2.2}% 22
\BOOKMARK [3][-]{subsubsection.2.2.2.1}{\376\377\000G\000i\036\333\000i\000\040\000t\000h\000i\036\307\000u\000\040\000p\000h\001\260\001\241\000n\000g\000\040\000p\000h\000\341\000p\000\040\000v\000\340\000\040\000\375\000\040\000n\000g\000h\001\051\000a}{subsection.2.2.2}% 23
\BOOKMARK [3][-]{subsubsection.2.2.2.2}{\376\377\000C\000\341\000c\000\040\000b\001\260\036\333\000c\000\040\000t\000h\036\361\000c\000\040\000h\000i\036\307\000n\000\040\000c\036\347\000a\000\040\000p\000h\001\260\001\241\000n\000g\000\040\000p\000h\000\341\000p}{subsection.2.2.2}% 24
\BOOKMARK [3][-]{subsubsection.2.2.2.3}{\376\377\000V\000\355\000\040\000d\036\345\000\040\000m\000i\000n\000h\000\040\000h\036\315\000a}{subsection.2.2.2}% 25
\BOOKMARK [2][-]{subsection.2.2.3}{\376\377\000P\000h\001\260\001\241\000n\000g\000\040\000p\000h\000\341\000p\000\040\000L\000a\000n\000d\000-\000D\000o\000i\000g}{section.2.2}% 26
\BOOKMARK [3][-]{subsubsection.2.2.3.1}{\376\377\000G\000i\036\333\000i\000\040\000t\000h\000i\036\307\000u\000\040\000p\000h\001\260\001\241\000n\000g\000\040\000p\000h\000\341\000p\000\040\000v\000\340\000\040\000\375\000\040\000n\000g\000h\001\051\000a}{subsection.2.2.3}% 27
\BOOKMARK [3][-]{subsubsection.2.2.3.2}{\376\377\000C\000\341\000c\000\040\000b\001\260\036\333\000c\000\040\000t\000h\036\361\000c\000\040\000h\000i\036\307\000n\000\040\000c\036\347\000a\000\040\000p\000h\001\260\001\241\000n\000g\000\040\000p\000h\000\341\000p}{subsection.2.2.3}% 28
\BOOKMARK [3][-]{subsubsection.2.2.3.3}{\376\377\000V\000\355\000\040\000d\036\345\000\040\000m\000i\000n\000h\000\040\000h\036\315\000a}{subsection.2.2.3}% 29
\BOOKMARK [0][-]{chapter.3}{\376\377\000M\036\337\000\040\000r\036\331\000n\000g\000\040\000k\036\277\000t\000\040\000q\000u\036\243\000\040\000c\000h\000o\000\040\000b\000\340\000i\000\040\000t\000o\000\341\000n\000\040\000d\036\241\000n\000g\000\040\000p\000h\000\342\000n\000\040\000t\000h\036\351\000c\000\040\000t\000u\000y\036\277\000n\000\040\000t\000\355\000n\000h}{}% 30
\BOOKMARK [0][-]{chapter*.15}{\376\377\000K\036\277\000t\000\040\000l\000u\036\255\000n}{}% 31
\BOOKMARK [0][-]{chapter*.16}{\376\377\000T\000\340\000i\000\040\000l\000i\036\307\000u\000\040\000t\000h\000a\000m\000\040\000k\000h\036\243\000o}{}% 32
