\BOOKMARK [1][-]{section.1}{\376\377\000M\000a\000\040\000t\000r\036\255\000n}{}% 1
\BOOKMARK [2][-]{subsection.1.1}{\376\377\000L\000o\036\241\000i\000\040\000m\000a\000\040\000t\000r\036\255\000n}{section.1}% 2
\BOOKMARK [2][-]{subsection.1.2}{\376\377\000P\000h\000\351\000p\000\040\000t\000o\000\341\000n}{section.1}% 3
\BOOKMARK [3][-]{subsubsection.1.2.1}{\376\377\000C\036\331\000n\000g}{subsection.1.2}% 4
\BOOKMARK [3][-]{subsubsection.1.2.2}{\376\377\000N\000h\000\342\000n}{subsection.1.2}% 5
\BOOKMARK [2][-]{subsection.1.3}{\376\377\000M\000a\000\040\000t\000r\036\255\000n\000\040\000b\036\255\000c\000\040\000t\000h\000a\000n\000g\000\040\000\046\000\040\000m\000a\000\040\000t\000r\036\255\000n\000\040\000r\000\372\000t\000\040\000g\036\315\000n}{section.1}% 6
\BOOKMARK [3][-]{subsubsection.1.3.1}{\376\377\000M\000a\000\040\000t\000r\036\255\000n\000\040\000b\036\255\000c\000\040\000t\000h\000a\000n\000g}{subsection.1.3}% 7
\BOOKMARK [3][-]{subsubsection.1.3.2}{\376\377\000M\000a\000\040\000t\000r\036\255\000n\000\040\000r\000\372\000t\000\040\000g\036\315\000n}{subsection.1.3}% 8
\BOOKMARK [2][-]{subsection.1.4}{\376\377\000P\000h\000\351\000p\000\040\000b\000i\036\277\000n\000\040\001\021\036\325\000i}{section.1}% 9
\BOOKMARK [3][-]{subsubsection.1.4.1}{\376\377\000T\000h\000u\036\255\000t\000\040\000t\000o\000\341\000n\000\040\000c\000h\000o\000\040\000s\036\321\000\040\000p\000h\000\351\000p\000\040\000t\000o\000\341\000n\000\040\000t\000h\036\361\000c\000\040\000h\000i\036\307\000n\000\040\000n\000h\036\317\000\040\000n\000h\036\245\000t}{subsection.1.4}% 10
\BOOKMARK [2][-]{subsection.1.5}{\376\377\000H\036\241\000n\000g}{section.1}% 11
\BOOKMARK [2][-]{subsection.1.6}{\376\377\000M\000a\000\040\000t\000r\036\255\000n\000\040\000k\000h\036\243\000\040\000n\000g\000h\036\313\000c\000h}{section.1}% 12
\BOOKMARK [3][-]{subsubsection.1.6.1}{\376\377\000M\000a\000\040\000t\000r\036\255\000n\000\040\000s\001\241\000\040\000c\036\245\000p}{subsection.1.6}% 13
\BOOKMARK [3][-]{subsubsection.1.6.2}{\376\377\000T\000h\000u\036\255\000t\000\040\000t\000o\000\341\000n\000\040\000t\000\354\000m\000\040\000m\000a\000\040\000t\000r\036\255\000n\000\040\000k\000h\036\243\000\040\000n\000g\000h\036\313\000c\000h}{subsection.1.6}% 14
\BOOKMARK [3][-]{subsubsection.1.6.3}{\376\377\000T\000\355\000n\000h\000\040\000c\000h\036\245\000t}{subsection.1.6}% 15
\BOOKMARK [1][-]{section.2}{\376\377\001\020\036\313\000n\000h\000\040\000t\000h\036\351\000c}{}% 16
\BOOKMARK [2][-]{subsection.2.1}{\376\377\000N\036\301\000n\000\040\000t\036\243\000n\000g}{section.2}% 17
\BOOKMARK [3][-]{subsubsection.2.1.1}{\376\377\000P\000h\000\351\000p\000\040\000t\000h\036\277}{subsection.2.1}% 18
\BOOKMARK [3][-]{subsubsection.2.1.2}{\376\377\000D\036\245\000u}{subsection.2.1}% 19
\BOOKMARK [3][-]{subsubsection.2.1.3}{\376\377\000N\000g\000h\036\313\000c\000h\000\040\000t\000h\036\277}{subsection.2.1}% 20
\BOOKMARK [2][-]{subsection.2.2}{\376\377\000C\000\364\000n\000g\000\040\000t\000h\036\351\000c}{section.2}% 21
\BOOKMARK [2][-]{subsection.2.3}{\376\377\000T\000\355\000n\000h\000\040\000c\000h\036\245\000t\000\040\000-\000\040\000h\036\307\000\040\000q\000u\036\243\000\040\000-\000\040\001\021\036\313\000n\000h\000\040\000l\000\375}{section.2}% 22
\BOOKMARK [3][-]{subsubsection.2.3.1}{\376\377\000T\000\355\000n\000h\000\040\000c\000h\036\245\000t}{subsection.2.3}% 23
\BOOKMARK [3][-]{subsubsection.2.3.2}{\376\377\000H\036\307\000\040\000q\000u\036\243}{subsection.2.3}% 24
\BOOKMARK [3][-]{subsubsection.2.3.3}{\376\377\001\020\036\313\000n\000h\000\040\000l\000\375}{subsection.2.3}% 25
\BOOKMARK [2][-]{subsection.2.4}{\376\377\001\020\036\313\000n\000h\000\040\000t\000h\036\351\000c\000\040\000c\000o\000n\000\040\000v\000\340\000\040\000p\000h\036\247\000n\000\040\000b\000\371\000\040\001\021\036\241\000i\000\040\000s\036\321}{section.2}% 26
\BOOKMARK [2][-]{subsection.2.5}{\376\377\036\350\000n\000g\000\040\000d\036\345\000n\000g}{section.2}% 27
\BOOKMARK [3][-]{subsubsection.2.5.1}{\376\377\000K\000h\036\243\000\040\000n\000g\000h\036\313\000c\000h}{subsection.2.5}% 28
\BOOKMARK [3][-]{subsubsection.2.5.2}{\376\377\000H\036\241\000n\000g}{subsection.2.5}% 29
\BOOKMARK [1][-]{section.3}{\376\377\000H\036\307\000\040\000p\000h\001\260\001\241\000n\000g\000\040\000t\000r\000\354\000n\000h\000\040\000t\000u\000y\036\277\000n\000\040\000t\000\355\000n\000h}{}% 30
\BOOKMARK [2][-]{subsection.3.1}{\376\377\000S\036\361\000\040\000t\036\323\000n\000\040\000t\036\241\000i\000\040\000v\000\340\000\040\000t\000\355\000n\000h\000\040\000d\000u\000y\000\040\000n\000h\036\245\000t}{section.3}% 31
\BOOKMARK [2][-]{subsection.3.2}{\376\377\000T\000h\000u\036\255\000t\000\040\000t\000o\000\341\000n\000\040\000G\000a\000u\000s\000s}{section.3}% 32
\BOOKMARK [2][-]{subsection.3.3}{\376\377\000Q\000u\000y\000\040\000t\036\257\000c\000\040\000C\000r\000a\000m\000e\000r}{section.3}% 33
\BOOKMARK [2][-]{subsection.3.4}{\376\377\000H\036\307\000\040\000t\000h\000u\036\247\000n\000\040\000n\000h\036\245\000t}{section.3}% 34
\BOOKMARK [1][-]{section.4}{\376\377\000K\000h\000\364\000n\000g\000\040\000g\000i\000a\000n\000\040\000V\000e\000c\000t\000o\000r}{}% 35
\BOOKMARK [2][-]{subsection.4.1}{\376\377\000T\000\355\000n\000h\000\040\000c\000h\036\245\000t}{section.4}% 36
\BOOKMARK [2][-]{subsection.4.2}{\376\377\000V\000\355\000\040\000d\036\345\000\040\000m\000i\000n\000h\000\040\000h\000o\036\241}{section.4}% 37
\BOOKMARK [2][-]{subsection.4.3}{\376\377\001\020\036\331\000c\000\040\000l\036\255\000p\000\040\000t\000u\000y\036\277\000n\000\040\000t\000\355\000n\000h\000\040\000\134\000\046\000\040\000p\000h\036\345\000\040\000t\000h\000u\036\331\000c\000\040\000t\000u\000y\036\277\000n\000\040\000t\000\355\000n\000h}{section.4}% 38
\BOOKMARK [3][-]{subsubsection.4.3.1}{\376\377\000T\036\325\000\040\000h\036\343\000p\000\040\000t\000u\000y\036\277\000n\000\040\000t\000\355\000n\000h}{subsection.4.3}% 39
\BOOKMARK [3][-]{subsubsection.4.3.2}{\376\377\000B\000i\036\303\000u\000\040\000t\000h\036\313\000\040\000t\000u\000y\036\277\000n\000\040\000t\000\355\000n\000h}{subsection.4.3}% 40
\BOOKMARK [3][-]{subsubsection.4.3.3}{\376\377\000P\000h\036\345\000\040\000t\000h\000u\036\331\000c\000\040\000t\000u\000y\036\277\000n\000\040\000t\000\355\000n\000h}{subsection.4.3}% 41
\BOOKMARK [3][-]{subsubsection.4.3.4}{\376\377\001\020\036\331\000c\000\040\000l\036\255\000p\000\040\000t\000u\000y\036\277\000n\000\040\000t\000\355\000n\000h}{subsection.4.3}% 42
\BOOKMARK [3][-]{subsubsection.4.3.5}{\376\377\000V\000D\000M\000H}{subsection.4.3}% 43
\BOOKMARK [3][-]{subsubsection.4.3.6}{\376\377\000T\000\355\000n\000h\000\040\000c\000h\036\245\000t}{subsection.4.3}% 44
\BOOKMARK [3][-]{subsubsection.4.3.7}{\376\377\001\020\036\313\000n\000h\000\040\000l\000\375}{subsection.4.3}% 45
\BOOKMARK [2][-]{subsection.4.4}{\376\377\000C\001\241\000\040\000s\036\337\000\040\000v\000\340\000\040\000s\036\321\000\040\000c\000h\000i\036\301\000u}{section.4}% 46
\BOOKMARK [3][-]{subsubsection.4.4.1}{\376\377\000H\036\307\000\040\000s\000i\000n\000h}{subsection.4.4}% 47
\BOOKMARK [3][-]{subsubsection.4.4.2}{\376\377\000C\001\241\000\040\000s\036\337}{subsection.4.4}% 48
\BOOKMARK [3][-]{subsubsection.4.4.3}{\376\377\001\020\036\331\000c\000\040\000l\036\255\000p\000\040\000t\000u\000y\036\277\000n\000\040\000t\000\355\000n\000h\000\040\000c\036\361\000c\000\040\001\021\036\241\000i}{subsection.4.4}% 49
\BOOKMARK [3][-]{subsubsection.4.4.4}{\376\377\000S\036\321\000\040\000c\000h\000i\036\301\000u}{subsection.4.4}% 50
\BOOKMARK [2][-]{subsection.4.5}{\376\377\000T\000o\036\241\000\040\001\021\036\331}{section.4}% 51
\BOOKMARK [3][-]{subsubsection.4.5.1}{\376\377\000T\000\355\000n\000h\000\040\000c\000h\036\245\000t}{subsection.4.5}% 52
\BOOKMARK [3][-]{subsubsection.4.5.2}{\376\377\000M\036\307\000n\000h\000\040\001\021\036\301}{subsection.4.5}% 53
\BOOKMARK [3][-]{subsubsection.4.5.3}{\376\377\001\020\036\313\000n\000h\000\040\000l\000\375}{subsection.4.5}% 54
\BOOKMARK [2][-]{subsection.4.6}{\376\377\000K\000h\000\364\000n\000g\000\040\000g\000i\000a\000n\000\040\000c\000o\000n\000\040\000-\000\040\000H\036\241\000n\000g\000\040\000c\036\347\000a\000\040\000h\036\307\000\040\000v\000e\000c\000t\000o\000r}{section.4}% 55
\BOOKMARK [3][-]{subsubsection.4.6.1}{\376\377\001\020\036\313\000n\000h\000\040\000l\000\375}{subsection.4.6}% 56
\BOOKMARK [3][-]{subsubsection.4.6.2}{\376\377\000M\036\307\000n\000h\000\040\001\021\036\301}{subsection.4.6}% 57
\BOOKMARK [3][-]{subsubsection.4.6.3}{\376\377\000S\000p\000a\000n}{subsection.4.6}% 58
\BOOKMARK [2][-]{subsection.4.7}{\376\377\000K\000h\000\364\000n\000g\000\040\000g\000i\000a\000n\000\040\000h\000\340\000n\000g\000,\000\040\000c\036\331\000t\000,\000\040\000n\000g\000h\000i\036\307\000m}{section.4}% 59
\BOOKMARK [3][-]{subsubsection.4.7.1}{\376\377\000M\036\307\000n\000h\000\040\001\021\036\301}{subsection.4.7}% 60
\BOOKMARK [3][-]{subsubsection.4.7.2}{\376\377\000V\000D\000M\000H}{subsection.4.7}% 61
\BOOKMARK [2][-]{subsection.4.8}{\376\377\000T\036\325\000n\000g\000\040\000\134\000\046\000\040\000T\036\325\000n\000g\000\040\000t\000r\036\361\000c\000\040\000t\000i\036\277\000p}{section.4}% 62
\BOOKMARK [3][-]{subsubsection.4.8.1}{\376\377\000M\036\307\000n\000h\000\040\001\021\036\301}{subsection.4.8}% 63
\BOOKMARK [3][-]{subsubsection.4.8.2}{\376\377\001\020\036\313\000n\000h\000\040\000l\000\375}{subsection.4.8}% 64
\BOOKMARK [3][-]{subsubsection.4.8.3}{\376\377\000S\036\321\000\040\000c\000h\000i\036\301\000u\000\040\000k\000h\000\364\000n\000g\000\040\000g\000i\000a\000n\000\040\000t\036\325\000n\000g}{subsection.4.8}% 65
\BOOKMARK [1][-]{section.5}{\376\377\000\301\000n\000h\000\040\000X\036\241\000\040\000T\000u\000y\036\277\000n\000\040\000T\000\355\000n\000h}{}% 66
\BOOKMARK [2][-]{subsection.5.1}{\376\377\001\020\001\241\000n\000\040\000c\036\245\000u\000,\000\040\000T\000o\000\340\000n\000\040\000c\036\245\000u\000,\000\040\001\020\036\263\000n\000g\000\040\000c\036\245\000u}{section.5}% 67
\BOOKMARK [2][-]{subsection.5.2}{\376\377\000N\000h\000\342\000n\000\040\000v\000\340\000\040\036\242\000n\000h\000\040\000\050\000K\000e\000r\000n\000e\000l\000\040\000v\000\340\000\040\000I\000m\000a\000g\000e\000\051}{section.5}% 68
\BOOKMARK [2][-]{subsection.5.3}{\376\377\000M\000a\000\040\000t\000r\036\255\000n\000\040\000c\036\347\000a\000\040\000A\000X\000T\000T}{section.5}% 69
\BOOKMARK [2][-]{subsection.5.4}{\376\377\000K\000h\000\364\000n\000g\000\040\000g\000i\000a\000n\000\040\000c\000\341\000c\000\040\001\021\036\323\000n\000g\000\040\000c\036\245\000u}{section.5}% 70
\BOOKMARK [3][-]{subsubsection.5.4.1}{\376\377\000C\036\245\000u\000\040\000t\000r\000\372\000c\000\040\000k\000h\000\364\000n\000g\000\040\000g\000i\000a\000n\000\040\001\021\036\323\000n\000g\000\040\000c\036\245\000u}{subsection.5.4}% 71
\BOOKMARK [1][-]{section.6}{\376\377\000C\000h\000\351\000o\000\040\000h\000o\000\341\000\040\000m\000a\000\040\000t\000r\036\255\000n}{}% 72
\BOOKMARK [2][-]{subsection.6.1}{\376\377\000G\000i\000\341\000\040\000t\000r\036\313\000\040\000r\000i\000\352\000n\000g\000\040\000\134\000\046\000\040\000V\000e\000c\000t\000o\000r\000\040\000r\000i\000\352\000n\000g}{section.6}% 73
\BOOKMARK [2][-]{subsection.6.2}{\376\377\000M\000a\000\040\000t\000r\036\255\000n\000\040\000c\000h\000\351\000o\000\040\000h\000o\000\341\000\040\001\021\001\260\036\343\000c}{section.6}% 74
\BOOKMARK [2][-]{subsection.6.3}{\376\377\000T\036\361\000\040\001\021\036\323\000n\000g\000\040\000c\036\245\000u}{section.6}% 75
\BOOKMARK [3][-]{subsubsection.6.3.1}{\376\377\000G\000i\000\341\000\040\000t\000r\036\313\000\040\000r\000i\000\352\000n\000g\000\040\000v\000\340\000\040\000v\000e\000c\000t\000o\000r\000\040\000r\000i\000\352\000n\000g}{subsection.6.3}% 76
\BOOKMARK [3][-]{subsubsection.6.3.2}{\376\377\000C\000h\000\351\000o\000\040\000h\000o\000\341}{subsection.6.3}% 77
\BOOKMARK [1][-]{section.7}{\376\377\000K\000h\000\364\000n\000g\000\040\000g\000i\000a\000n\000\040\000v\000e\000c\000t\000o\000r\000\040\000E\000u\000c\000l\000i\000d\000e}{}% 78
